CS330Project.obj : error LNK2019: unresolved external symbol __imp_glewInit referenced in function "bool __cdecl UInitialize(int,char * * const,struct GLFWwindow * *)" (?UInitialize@@YA_NHQEAPEADPEAPEAUGLFWwindow@@@Z)
CS330Project.obj : error LNK2019: unresolved external symbol __imp_glewGetErrorString referenced in function "bool __cdecl UInitialize(int,char * * const,struct GLFWwindow * *)" (?UInitialize@@YA_NHQEAPEADPEAPEAUGLFWwindow@@@Z)
CS330Project.obj : error LNK2019: unresolved external symbol glfwInit referenced in function "bool __cdecl UInitialize(int,char * * const,struct GLFWwindow * *)" (?UInitialize@@YA_NHQEAPEADPEAPEAUGLFWwindow@@@Z)
CS330Project.obj : error LNK2019: unresolved external symbol glfwTerminate referenced in function "bool __cdecl UInitialize(int,char * * const,struct GLFWwindow * *)" (?UInitialize@@YA_NHQEAPEADPEAPEAUGLFWwindow@@@Z)
CS330Project.obj : error LNK2019: unresolved external symbol glfwWindowHint referenced in function "bool __cdecl UInitialize(int,char * * const,struct GLFWwindow * *)" (?UInitialize@@YA_NHQEAPEADPEAPEAUGLFWwindow@@@Z)
CS330Project.obj : error LNK2019: unresolved external symbol glfwCreateWindow referenced in function "bool __cdecl UInitialize(int,char * * const,struct GLFWwindow * *)" (?UInitialize@@YA_NHQEAPEADPEAPEAUGLFWwindow@@@Z)
CS330Project.obj : error LNK2019: unresolved external symbol glfwWindowShouldClose referenced in function main
CS330Project.obj : error LNK2019: unresolved external symbol glfwSetWindowShouldClose referenced in function "void __cdecl UProcessInput(struct GLFWwindow *)" (?UProcessInput@@YAXPEAUGLFWwindow@@@Z)
CS330Project.obj : error LNK2019: unresolved external symbol glfwSetFramebufferSizeCallback referenced in function "bool __cdecl UInitialize(int,char * * const,struct GLFWwindow * *)" (?UInitialize@@YA_NHQEAPEADPEAPEAUGLFWwindow@@@Z)
CS330Project.obj : error LNK2019: unresolved external symbol glfwPollEvents referenced in function main
CS330Project.obj : error LNK2019: unresolved external symbol glfwSetInputMode referenced in function "bool __cdecl UInitialize(int,char * * const,struct GLFWwindow * *)" (?UInitialize@@YA_NHQEAPEADPEAPEAUGLFWwindow@@@Z)
CS330Project.obj : error LNK2019: unresolved external symbol glfwGetKey referenced in function "void __cdecl UProcessInput(struct GLFWwindow *)" (?UProcessInput@@YAXPEAUGLFWwindow@@@Z)
CS330Project.obj : error LNK2019: unresolved external symbol glfwSetMouseButtonCallback referenced in function "bool __cdecl UInitialize(int,char * * const,struct GLFWwindow * *)" (?UInitialize@@YA_NHQEAPEADPEAPEAUGLFWwindow@@@Z)
CS330Project.obj : error LNK2019: unresolved external symbol glfwSetCursorPosCallback referenced in function "bool __cdecl UInitialize(int,char * * const,struct GLFWwindow * *)" (?UInitialize@@YA_NHQEAPEADPEAPEAUGLFWwindow@@@Z)
CS330Project.obj : error LNK2019: unresolved external symbol glfwSetScrollCallback referenced in function "bool __cdecl UInitialize(int,char * * const,struct GLFWwindow * *)" (?UInitialize@@YA_NHQEAPEADPEAPEAUGLFWwindow@@@Z)
CS330Project.obj : error LNK2019: unresolved external symbol glfwGetTime referenced in function main
CS330Project.obj : error LNK2019: unresolved external symbol glfwMakeContextCurrent referenced in function "bool __cdecl UInitialize(int,char * * const,struct GLFWwindow * *)" (?UInitialize@@YA_NHQEAPEADPEAPEAUGLFWwindow@@@Z)
CS330Project.obj : error LNK2019: unresolved external symbol glfwSwapBuffers referenced in function "void __cdecl URender(class std::vector<struct GLMesh,class std::allocator<struct GLMesh> >)" (?URender@@YAXV?$vector@UGLMesh@@V?$allocator@UGLMesh@@@std@@@std@@@Z)
CS330Project.obj : error LNK2019: unresolved external symbol __imp___glewActiveTexture referenced in function "void __cdecl URender(class std::vector<struct GLMesh,class std::allocator<struct GLMesh> >)" (?URender@@YAXV?$vector@UGLMesh@@V?$allocator@UGLMesh@@@std@@@std@@@Z)
CS330Project.obj : error LNK2019: unresolved external symbol __imp___glewBindBuffer referenced in function "void __cdecl UCreateLightMesh(struct GLightMesh &)" (?UCreateLightMesh@@YAXAEAUGLightMesh@@@Z)
ShapeBuilder.obj : error LNK2001: unresolved external symbol __imp___glewBindBuffer
CS330Project.obj : error LNK2019: unresolved external symbol __imp___glewBufferData referenced in function "void __cdecl UCreateLightMesh(struct GLightMesh &)" (?UCreateLightMesh@@YAXAEAUGLightMesh@@@Z)
ShapeBuilder.obj : error LNK2001: unresolved external symbol __imp___glewBufferData
CS330Project.obj : error LNK2019: unresolved external symbol __imp___glewDeleteBuffers referenced in function "void __cdecl UDestroyMesh(struct GLMesh &)" (?UDestroyMesh@@YAXAEAUGLMesh@@@Z)
CS330Project.obj : error LNK2019: unresolved external symbol __imp___glewGenBuffers referenced in function "void __cdecl UCreateLightMesh(struct GLightMesh &)" (?UCreateLightMesh@@YAXAEAUGLightMesh@@@Z)
ShapeBuilder.obj : error LNK2001: unresolved external symbol __imp___glewGenBuffers
CS330Project.obj : error LNK2019: unresolved external symbol __imp___glewAttachShader referenced in function "bool __cdecl UCreateShaderProgram(char const *,char const *,unsigned int &)" (?UCreateShaderProgram@@YA_NPEBD0AEAI@Z)
CS330Project.obj : error LNK2019: unresolved external symbol __imp___glewCompileShader referenced in function "bool __cdecl UCreateShaderProgram(char const *,char const *,unsigned int &)" (?UCreateShaderProgram@@YA_NPEBD0AEAI@Z)
CS330Project.obj : error LNK2019: unresolved external symbol __imp___glewCreateProgram referenced in function "bool __cdecl UCreateShaderProgram(char const *,char const *,unsigned int &)" (?UCreateShaderProgram@@YA_NPEBD0AEAI@Z)
CS330Project.obj : error LNK2019: unresolved external symbol __imp___glewCreateShader referenced in function "bool __cdecl UCreateShaderProgram(char const *,char const *,unsigned int &)" (?UCreateShaderProgram@@YA_NPEBD0AEAI@Z)
CS330Project.obj : error LNK2019: unresolved external symbol __imp___glewDeleteProgram referenced in function "void __cdecl UDestroyShaderProgram(unsigned int)" (?UDestroyShaderProgram@@YAXI@Z)
CS330Project.obj : error LNK2019: unresolved external symbol __imp___glewEnableVertexAttribArray referenced in function "void __cdecl UCreateLightMesh(struct GLightMesh &)" (?UCreateLightMesh@@YAXAEAUGLightMesh@@@Z)
ShapeBuilder.obj : error LNK2001: unresolved external symbol __imp___glewEnableVertexAttribArray
CS330Project.obj : error LNK2019: unresolved external symbol __imp___glewGetProgramInfoLog referenced in function "bool __cdecl UCreateShaderProgram(char const *,char const *,unsigned int &)" (?UCreateShaderProgram@@YA_NPEBD0AEAI@Z)
CS330Project.obj : error LNK2019: unresolved external symbol __imp___glewGetProgramiv referenced in function "bool __cdecl UCreateShaderProgram(char const *,char const *,unsigned int &)" (?UCreateShaderProgram@@YA_NPEBD0AEAI@Z)
CS330Project.obj : error LNK2019: unresolved external symbol __imp___glewGetShaderInfoLog referenced in function "bool __cdecl UCreateShaderProgram(char const *,char const *,unsigned int &)" (?UCreateShaderProgram@@YA_NPEBD0AEAI@Z)
CS330Project.obj : error LNK2019: unresolved external symbol __imp___glewGetShaderiv referenced in function "bool __cdecl UCreateShaderProgram(char const *,char const *,unsigned int &)" (?UCreateShaderProgram@@YA_NPEBD0AEAI@Z)
CS330Project.obj : error LNK2019: unresolved external symbol __imp___glewGetUniformLocation referenced in function "void __cdecl URender(class std::vector<struct GLMesh,class std::allocator<struct GLMesh> >)" (?URender@@YAXV?$vector@UGLMesh@@V?$allocator@UGLMesh@@@std@@@std@@@Z)
CS330Project.obj : error LNK2019: unresolved external symbol __imp___glewLinkProgram referenced in function "bool __cdecl UCreateShaderProgram(char const *,char const *,unsigned int &)" (?UCreateShaderProgram@@YA_NPEBD0AEAI@Z)
CS330Project.obj : error LNK2019: unresolved external symbol __imp___glewShaderSource referenced in function "bool __cdecl UCreateShaderProgram(char const *,char const *,unsigned int &)" (?UCreateShaderProgram@@YA_NPEBD0AEAI@Z)
CS330Project.obj : error LNK2019: unresolved external symbol __imp___glewUniform1i referenced in function main
CS330Project.obj : error LNK2019: unresolved external symbol __imp___glewUniform2fv referenced in function "void __cdecl URender(class std::vector<struct GLMesh,class std::allocator<struct GLMesh> >)" (?URender@@YAXV?$vector@UGLMesh@@V?$allocator@UGLMesh@@@std@@@std@@@Z)
CS330Project.obj : error LNK2019: unresolved external symbol __imp___glewUniform3f referenced in function "void __cdecl URender(class std::vector<struct GLMesh,class std::allocator<struct GLMesh> >)" (?URender@@YAXV?$vector@UGLMesh@@V?$allocator@UGLMesh@@@std@@@std@@@Z)
CS330Project.obj : error LNK2019: unresolved external symbol __imp___glewUniformMatrix4fv referenced in function "void __cdecl URender(class std::vector<struct GLMesh,class std::allocator<struct GLMesh> >)" (?URender@@YAXV?$vector@UGLMesh@@V?$allocator@UGLMesh@@@std@@@std@@@Z)
CS330Project.obj : error LNK2019: unresolved external symbol __imp___glewUseProgram referenced in function "bool __cdecl UCreateShaderProgram(char const *,char const *,unsigned int &)" (?UCreateShaderProgram@@YA_NPEBD0AEAI@Z)
CS330Project.obj : error LNK2019: unresolved external symbol __imp___glewVertexAttribPointer referenced in function "void __cdecl UCreateLightMesh(struct GLightMesh &)" (?UCreateLightMesh@@YAXAEAUGLightMesh@@@Z)
ShapeBuilder.obj : error LNK2001: unresolved external symbol __imp___glewVertexAttribPointer
CS330Project.obj : error LNK2019: unresolved external symbol __imp___glewGenerateMipmap referenced in function "bool __cdecl UCreateTexture(char const *,unsigned int &)" (?UCreateTexture@@YA_NPEBDAEAI@Z)
CS330Project.obj : error LNK2019: unresolved external symbol __imp___glewBindVertexArray referenced in function "void __cdecl UCreateLightMesh(struct GLightMesh &)" (?UCreateLightMesh@@YAXAEAUGLightMesh@@@Z)
ShapeBuilder.obj : error LNK2001: unresolved external symbol __imp___glewBindVertexArray
CS330Project.obj : error LNK2019: unresolved external symbol __imp___glewDeleteVertexArrays referenced in function "void __cdecl UDestroyMesh(struct GLMesh &)" (?UDestroyMesh@@YAXAEAUGLMesh@@@Z)
CS330Project.obj : error LNK2019: unresolved external symbol __imp___glewGenVertexArrays referenced in function "void __cdecl UCreateLightMesh(struct GLightMesh &)" (?UCreateLightMesh@@YAXAEAUGLightMesh@@@Z)
ShapeBuilder.obj : error LNK2001: unresolved external symbol __imp___glewGenVertexArrays
CS330Project.obj : error LNK2019: unresolved external symbol __imp_glewExperimental referenced in function "bool __cdecl UInitialize(int,char * * const,struct GLFWwindow * *)" (?UInitialize@@YA_NHQEAPEADPEAPEAUGLFWwindow@@@Z)
C:\OpenGL\GLFW\lib-vc2019\glfw3.lib : warning LNK4272: library machine type 'x86' conflicts with target machine type 'x64'
C:\OpenGL\GLEW\lib\Release\Win32\glew32.lib : warning LNK4272: library machine type 'x86' conflicts with target machine type 'x64'
C:\CS-330-Project\CS330Project\x64\Debug\CS330Project.exe : fatal error LNK1120: 47 unresolved externals
